{"/home/aquinch/Documents/GitHub/vue-eloquent-v2/examples/MyCast.ts": {"path":"/home/aquinch/Documents/GitHub/vue-eloquent-v2/examples/MyCast.ts","statementMap":{"0":{"start":{"line":1,"column":15},"end":{"line":5,"column":null}},"1":{"start":{"line":4,"column":2},"end":{"line":4,"column":null}}},"fnMap":{"0":{"name":"(anonymous_0)","decl":{"start":{"line":1,"column":15},"end":{"line":1,"column":16}},"loc":{"start":{"line":1,"column":76},"end":{"line":5,"column":null}}}},"branchMap":{},"s":{"0":1,"1":3},"f":{"0":3},"b":{}}
,"/home/aquinch/Documents/GitHub/vue-eloquent-v2/examples/Post.ts": {"path":"/home/aquinch/Documents/GitHub/vue-eloquent-v2/examples/Post.ts","statementMap":{"0":{"start":{"line":16,"column":4},"end":{"line":16,"column":null}},"1":{"start":{"line":17,"column":4},"end":{"line":17,"column":null}},"2":{"start":{"line":21,"column":4},"end":{"line":27,"column":null}}},"fnMap":{"0":{"name":"(anonymous_0)","decl":{"start":{"line":14,"column":2},"end":{"line":14,"column":14}},"loc":{"start":{"line":15,"column":2},"end":{"line":18,"column":null}}},"1":{"name":"(anonymous_1)","decl":{"start":{"line":20,"column":12},"end":{"line":20,"column":20}},"loc":{"start":{"line":20,"column":20},"end":{"line":28,"column":null}}}},"branchMap":{},"s":{"0":3,"1":3,"2":57},"f":{"0":3,"1":57},"b":{}}
,"/home/aquinch/Documents/GitHub/vue-eloquent-v2/examples/PostApi.ts": {"path":"/home/aquinch/Documents/GitHub/vue-eloquent-v2/examples/PostApi.ts","statementMap":{"0":{"start":{"line":6,"column":4},"end":{"line":6,"column":null}},"1":{"start":{"line":10,"column":4},"end":{"line":10,"column":null}},"2":{"start":{"line":14,"column":4},"end":{"line":14,"column":null}}},"fnMap":{"0":{"name":"(anonymous_0)","decl":{"start":{"line":5,"column":2},"end":{"line":5,"column":16}},"loc":{"start":{"line":5,"column":16},"end":{"line":7,"column":null}}},"1":{"name":"(anonymous_1)","decl":{"start":{"line":9,"column":2},"end":{"line":9,"column":12}},"loc":{"start":{"line":9,"column":12},"end":{"line":11,"column":null}}},"2":{"name":"(anonymous_2)","decl":{"start":{"line":13,"column":12},"end":{"line":13,"column":20}},"loc":{"start":{"line":13,"column":20},"end":{"line":15,"column":null}}}},"branchMap":{},"s":{"0":2,"1":2,"2":2},"f":{"0":2,"1":2,"2":2},"b":{}}
,"/home/aquinch/Documents/GitHub/vue-eloquent-v2/src/EloquentError.ts": {"path":"/home/aquinch/Documents/GitHub/vue-eloquent-v2/src/EloquentError.ts","statementMap":{"0":{"start":{"line":3,"column":17},"end":{"line":3,"column":null}},"1":{"start":{"line":7,"column":4},"end":{"line":7,"column":null}},"2":{"start":{"line":8,"column":4},"end":{"line":8,"column":null}},"3":{"start":{"line":9,"column":4},"end":{"line":9,"column":null}},"4":{"start":{"line":14,"column":4},"end":{"line":14,"column":null}}},"fnMap":{"0":{"name":"(anonymous_0)","decl":{"start":{"line":6,"column":2},"end":{"line":6,"column":14}},"loc":{"start":{"line":6,"column":43},"end":{"line":15,"column":null}}}},"branchMap":{},"s":{"0":0,"1":0,"2":0,"3":0,"4":0},"f":{"0":0},"b":{}}
,"/home/aquinch/Documents/GitHub/vue-eloquent-v2/src/api/Api.ts": {"path":"/home/aquinch/Documents/GitHub/vue-eloquent-v2/src/api/Api.ts","statementMap":{"0":{"start":{"line":18,"column":4},"end":{"line":18,"column":null}},"1":{"start":{"line":23,"column":4},"end":{"line":23,"column":null}},"2":{"start":{"line":28,"column":4},"end":{"line":28,"column":null}},"3":{"start":{"line":33,"column":4},"end":{"line":33,"column":null}},"4":{"start":{"line":38,"column":17},"end":{"line":38,"column":null}},"5":{"start":{"line":39,"column":4},"end":{"line":39,"column":null}},"6":{"start":{"line":44,"column":4},"end":{"line":47,"column":null}},"7":{"start":{"line":52,"column":17},"end":{"line":52,"column":null}},"8":{"start":{"line":53,"column":4},"end":{"line":53,"column":null}},"9":{"start":{"line":58,"column":16},"end":{"line":58,"column":null}},"10":{"start":{"line":60,"column":24},"end":{"line":60,"column":null}},"11":{"start":{"line":61,"column":4},"end":{"line":61,"column":null}},"12":{"start":{"line":63,"column":4},"end":{"line":77,"column":null}},"13":{"start":{"line":64,"column":6},"end":{"line":76,"column":null}},"14":{"start":{"line":67,"column":45},"end":{"line":67,"column":73}},"15":{"start":{"line":70,"column":10},"end":{"line":70,"column":null}},"16":{"start":{"line":71,"column":10},"end":{"line":71,"column":null}},"17":{"start":{"line":74,"column":10},"end":{"line":74,"column":null}},"18":{"start":{"line":75,"column":10},"end":{"line":75,"column":null}},"19":{"start":{"line":91,"column":17},"end":{"line":91,"column":null}},"20":{"start":{"line":92,"column":16},"end":{"line":92,"column":null}},"21":{"start":{"line":93,"column":4},"end":{"line":93,"column":null}},"22":{"start":{"line":94,"column":4},"end":{"line":107,"column":null}},"23":{"start":{"line":95,"column":6},"end":{"line":106,"column":null}},"24":{"start":{"line":97,"column":45},"end":{"line":97,"column":73}},"25":{"start":{"line":100,"column":10},"end":{"line":100,"column":null}},"26":{"start":{"line":101,"column":10},"end":{"line":101,"column":null}},"27":{"start":{"line":104,"column":10},"end":{"line":104,"column":null}},"28":{"start":{"line":105,"column":10},"end":{"line":105,"column":null}},"29":{"start":{"line":112,"column":17},"end":{"line":112,"column":null}},"30":{"start":{"line":113,"column":4},"end":{"line":113,"column":null}},"31":{"start":{"line":115,"column":4},"end":{"line":115,"column":null}},"32":{"start":{"line":127,"column":44},"end":{"line":127,"column":51}},"33":{"start":{"line":129,"column":45},"end":{"line":129,"column":52}},"34":{"start":{"line":135,"column":43},"end":{"line":135,"column":50}},"35":{"start":{"line":142,"column":46},"end":{"line":142,"column":53}},"36":{"start":{"line":144,"column":47},"end":{"line":144,"column":54}},"37":{"start":{"line":150,"column":45},"end":{"line":150,"column":52}},"38":{"start":{"line":153,"column":43},"end":{"line":153,"column":50}},"39":{"start":{"line":155,"column":44},"end":{"line":155,"column":51}},"40":{"start":{"line":157,"column":42},"end":{"line":157,"column":49}},"41":{"start":{"line":160,"column":44},"end":{"line":160,"column":51}},"42":{"start":{"line":162,"column":45},"end":{"line":162,"column":52}},"43":{"start":{"line":164,"column":43},"end":{"line":164,"column":50}},"44":{"start":{"line":167,"column":46},"end":{"line":167,"column":53}},"45":{"start":{"line":169,"column":47},"end":{"line":169,"column":54}},"46":{"start":{"line":171,"column":45},"end":{"line":171,"column":52}}},"fnMap":{"0":{"name":"(anonymous_0)","decl":{"start":{"line":17,"column":12},"end":{"line":17,"column":25}},"loc":{"start":{"line":17,"column":25},"end":{"line":19,"column":null}}},"1":{"name":"(anonymous_1)","decl":{"start":{"line":21,"column":12},"end":{"line":21,"column":null}},"loc":{"start":{"line":22,"column":2},"end":{"line":24,"column":null}}},"2":{"name":"(anonymous_2)","decl":{"start":{"line":26,"column":12},"end":{"line":26,"column":null}},"loc":{"start":{"line":27,"column":2},"end":{"line":29,"column":null}}},"3":{"name":"(anonymous_3)","decl":{"start":{"line":31,"column":12},"end":{"line":31,"column":null}},"loc":{"start":{"line":32,"column":2},"end":{"line":34,"column":null}}},"4":{"name":"(anonymous_4)","decl":{"start":{"line":36,"column":2},"end":{"line":36,"column":9}},"loc":{"start":{"line":37,"column":2},"end":{"line":40,"column":null}}},"5":{"name":"(anonymous_5)","decl":{"start":{"line":42,"column":2},"end":{"line":42,"column":9}},"loc":{"start":{"line":43,"column":2},"end":{"line":48,"column":null}}},"6":{"name":"(anonymous_6)","decl":{"start":{"line":50,"column":2},"end":{"line":50,"column":15}},"loc":{"start":{"line":51,"column":2},"end":{"line":54,"column":null}}},"7":{"name":"(anonymous_7)","decl":{"start":{"line":56,"column":2},"end":{"line":56,"column":null}},"loc":{"start":{"line":57,"column":2},"end":{"line":78,"column":null}}},"8":{"name":"(anonymous_8)","decl":{"start":{"line":63,"column":23},"end":{"line":63,"column":24}},"loc":{"start":{"line":63,"column":44},"end":{"line":77,"column":5}}},"9":{"name":"(anonymous_9)","decl":{"start":{"line":67,"column":30},"end":{"line":67,"column":31}},"loc":{"start":{"line":67,"column":45},"end":{"line":67,"column":73}}},"10":{"name":"(anonymous_10)","decl":{"start":{"line":69,"column":14},"end":{"line":69,"column":15}},"loc":{"start":{"line":69,"column":43},"end":{"line":72,"column":9}}},"11":{"name":"(anonymous_11)","decl":{"start":{"line":73,"column":15},"end":{"line":73,"column":16}},"loc":{"start":{"line":73,"column":37},"end":{"line":76,"column":9}}},"12":{"name":"(anonymous_12)","decl":{"start":{"line":89,"column":2},"end":{"line":89,"column":9}},"loc":{"start":{"line":90,"column":2},"end":{"line":108,"column":null}}},"13":{"name":"(anonymous_13)","decl":{"start":{"line":94,"column":23},"end":{"line":94,"column":24}},"loc":{"start":{"line":94,"column":44},"end":{"line":107,"column":5}}},"14":{"name":"(anonymous_14)","decl":{"start":{"line":97,"column":30},"end":{"line":97,"column":31}},"loc":{"start":{"line":97,"column":45},"end":{"line":97,"column":73}}},"15":{"name":"(anonymous_15)","decl":{"start":{"line":99,"column":14},"end":{"line":99,"column":15}},"loc":{"start":{"line":99,"column":43},"end":{"line":102,"column":9}}},"16":{"name":"(anonymous_16)","decl":{"start":{"line":103,"column":15},"end":{"line":103,"column":16}},"loc":{"start":{"line":103,"column":29},"end":{"line":106,"column":9}}},"17":{"name":"(anonymous_17)","decl":{"start":{"line":110,"column":12},"end":{"line":110,"column":30}},"loc":{"start":{"line":111,"column":2},"end":{"line":116,"column":null}}},"18":{"name":"(anonymous_18)","decl":{"start":{"line":127,"column":12},"end":{"line":127,"column":21}},"loc":{"start":{"line":127,"column":42},"end":{"line":127,"column":null}}},"19":{"name":"(anonymous_19)","decl":{"start":{"line":129,"column":12},"end":{"line":129,"column":26}},"loc":{"start":{"line":129,"column":43},"end":{"line":129,"column":null}}},"20":{"name":"(anonymous_20)","decl":{"start":{"line":135,"column":12},"end":{"line":135,"column":20}},"loc":{"start":{"line":135,"column":41},"end":{"line":135,"column":null}}},"21":{"name":"(anonymous_21)","decl":{"start":{"line":142,"column":12},"end":{"line":142,"column":23}},"loc":{"start":{"line":142,"column":44},"end":{"line":142,"column":null}}},"22":{"name":"(anonymous_22)","decl":{"start":{"line":144,"column":12},"end":{"line":144,"column":28}},"loc":{"start":{"line":144,"column":45},"end":{"line":144,"column":null}}},"23":{"name":"(anonymous_23)","decl":{"start":{"line":150,"column":12},"end":{"line":150,"column":22}},"loc":{"start":{"line":150,"column":43},"end":{"line":150,"column":null}}},"24":{"name":"(anonymous_24)","decl":{"start":{"line":153,"column":12},"end":{"line":153,"column":20}},"loc":{"start":{"line":153,"column":41},"end":{"line":153,"column":null}}},"25":{"name":"(anonymous_25)","decl":{"start":{"line":155,"column":12},"end":{"line":155,"column":25}},"loc":{"start":{"line":155,"column":42},"end":{"line":155,"column":null}}},"26":{"name":"(anonymous_26)","decl":{"start":{"line":157,"column":12},"end":{"line":157,"column":19}},"loc":{"start":{"line":157,"column":40},"end":{"line":157,"column":null}}},"27":{"name":"(anonymous_27)","decl":{"start":{"line":160,"column":12},"end":{"line":160,"column":21}},"loc":{"start":{"line":160,"column":42},"end":{"line":160,"column":null}}},"28":{"name":"(anonymous_28)","decl":{"start":{"line":162,"column":12},"end":{"line":162,"column":26}},"loc":{"start":{"line":162,"column":43},"end":{"line":162,"column":null}}},"29":{"name":"(anonymous_29)","decl":{"start":{"line":164,"column":12},"end":{"line":164,"column":20}},"loc":{"start":{"line":164,"column":41},"end":{"line":164,"column":null}}},"30":{"name":"(anonymous_30)","decl":{"start":{"line":167,"column":12},"end":{"line":167,"column":23}},"loc":{"start":{"line":167,"column":44},"end":{"line":167,"column":null}}},"31":{"name":"(anonymous_31)","decl":{"start":{"line":169,"column":12},"end":{"line":169,"column":28}},"loc":{"start":{"line":169,"column":45},"end":{"line":169,"column":null}}},"32":{"name":"(anonymous_32)","decl":{"start":{"line":171,"column":12},"end":{"line":171,"column":22}},"loc":{"start":{"line":171,"column":43},"end":{"line":171,"column":null}}}},"branchMap":{"0":{"loc":{"start":{"line":44,"column":11},"end":{"line":47,"column":null}},"type":"cond-expr","locations":[{"start":{"line":44,"column":20},"end":{"line":44,"column":29}},{"start":{"line":44,"column":29},"end":{"line":47,"column":null}}]}},"s":{"0":2,"1":0,"2":2,"3":0,"4":0,"5":0,"6":0,"7":1,"8":1,"9":1,"10":1,"11":1,"12":1,"13":1,"14":1,"15":1,"16":1,"17":0,"18":0,"19":1,"20":1,"21":1,"22":1,"23":1,"24":1,"25":1,"26":1,"27":0,"28":0,"29":2,"30":2,"31":2,"32":1,"33":0,"34":1,"35":1,"36":0,"37":1,"38":0,"39":0,"40":0,"41":0,"42":0,"43":0,"44":0,"45":0,"46":0},"f":{"0":2,"1":0,"2":2,"3":0,"4":0,"5":0,"6":1,"7":1,"8":1,"9":1,"10":1,"11":0,"12":1,"13":1,"14":1,"15":1,"16":0,"17":2,"18":1,"19":0,"20":1,"21":1,"22":0,"23":1,"24":0,"25":0,"26":0,"27":0,"28":0,"29":0,"30":0,"31":0,"32":0},"b":{"0":[0,0]}}
,"/home/aquinch/Documents/GitHub/vue-eloquent-v2/src/api/ApiError.ts": {"path":"/home/aquinch/Documents/GitHub/vue-eloquent-v2/src/api/ApiError.ts","statementMap":{"0":{"start":{"line":8,"column":4},"end":{"line":8,"column":null}},"1":{"start":{"line":9,"column":4},"end":{"line":9,"column":null}}},"fnMap":{"0":{"name":"(anonymous_0)","decl":{"start":{"line":7,"column":2},"end":{"line":7,"column":14}},"loc":{"start":{"line":7,"column":64},"end":{"line":10,"column":null}}}},"branchMap":{},"s":{"0":0,"1":0},"f":{"0":0},"b":{}}
,"/home/aquinch/Documents/GitHub/vue-eloquent-v2/src/api/ApiQuery.ts": {"path":"/home/aquinch/Documents/GitHub/vue-eloquent-v2/src/api/ApiQuery.ts","statementMap":{"0":{"start":{"line":11,"column":26},"end":{"line":11,"column":null}},"1":{"start":{"line":15,"column":32},"end":{"line":15,"column":null}},"2":{"start":{"line":19,"column":35},"end":{"line":19,"column":null}},"3":{"start":{"line":23,"column":40},"end":{"line":23,"column":null}},"4":{"start":{"line":27,"column":32},"end":{"line":27,"column":null}},"5":{"start":{"line":31,"column":32},"end":{"line":31,"column":null}},"6":{"start":{"line":35,"column":4},"end":{"line":35,"column":null}},"7":{"start":{"line":46,"column":4},"end":{"line":46,"column":null}},"8":{"start":{"line":47,"column":4},"end":{"line":47,"column":null}},"9":{"start":{"line":48,"column":4},"end":{"line":48,"column":null}},"10":{"start":{"line":59,"column":17},"end":{"line":59,"column":null}},"11":{"start":{"line":60,"column":4},"end":{"line":60,"column":null}},"12":{"start":{"line":71,"column":4},"end":{"line":71,"column":null}},"13":{"start":{"line":72,"column":4},"end":{"line":72,"column":null}},"14":{"start":{"line":73,"column":4},"end":{"line":73,"column":null}},"15":{"start":{"line":84,"column":17},"end":{"line":84,"column":null}},"16":{"start":{"line":85,"column":4},"end":{"line":85,"column":null}},"17":{"start":{"line":96,"column":4},"end":{"line":96,"column":null}},"18":{"start":{"line":97,"column":4},"end":{"line":97,"column":null}},"19":{"start":{"line":98,"column":4},"end":{"line":98,"column":null}},"20":{"start":{"line":109,"column":17},"end":{"line":109,"column":null}},"21":{"start":{"line":110,"column":4},"end":{"line":110,"column":null}},"22":{"start":{"line":121,"column":4},"end":{"line":121,"column":null}},"23":{"start":{"line":122,"column":4},"end":{"line":122,"column":null}},"24":{"start":{"line":123,"column":4},"end":{"line":123,"column":null}},"25":{"start":{"line":134,"column":17},"end":{"line":134,"column":null}},"26":{"start":{"line":135,"column":4},"end":{"line":135,"column":null}},"27":{"start":{"line":146,"column":4},"end":{"line":146,"column":null}},"28":{"start":{"line":147,"column":4},"end":{"line":147,"column":null}},"29":{"start":{"line":148,"column":4},"end":{"line":148,"column":null}},"30":{"start":{"line":159,"column":17},"end":{"line":159,"column":null}},"31":{"start":{"line":160,"column":4},"end":{"line":160,"column":null}},"32":{"start":{"line":171,"column":4},"end":{"line":171,"column":null}},"33":{"start":{"line":172,"column":4},"end":{"line":172,"column":null}},"34":{"start":{"line":173,"column":4},"end":{"line":173,"column":null}},"35":{"start":{"line":184,"column":17},"end":{"line":184,"column":null}},"36":{"start":{"line":185,"column":4},"end":{"line":185,"column":null}},"37":{"start":{"line":195,"column":22},"end":{"line":195,"column":null}},"38":{"start":{"line":196,"column":4},"end":{"line":198,"column":null}},"39":{"start":{"line":197,"column":6},"end":{"line":197,"column":null}},"40":{"start":{"line":199,"column":4},"end":{"line":201,"column":null}},"41":{"start":{"line":200,"column":6},"end":{"line":200,"column":null}},"42":{"start":{"line":202,"column":4},"end":{"line":204,"column":null}},"43":{"start":{"line":203,"column":6},"end":{"line":203,"column":null}},"44":{"start":{"line":205,"column":4},"end":{"line":207,"column":null}},"45":{"start":{"line":206,"column":6},"end":{"line":206,"column":null}},"46":{"start":{"line":208,"column":4},"end":{"line":210,"column":null}},"47":{"start":{"line":209,"column":6},"end":{"line":209,"column":null}},"48":{"start":{"line":211,"column":4},"end":{"line":213,"column":null}},"49":{"start":{"line":212,"column":6},"end":{"line":212,"column":null}},"50":{"start":{"line":215,"column":4},"end":{"line":215,"column":null}}},"fnMap":{"0":{"name":"(anonymous_0)","decl":{"start":{"line":33,"column":12},"end":{"line":33,"column":null}},"loc":{"start":{"line":34,"column":2},"end":{"line":36,"column":null}}},"1":{"name":"(anonymous_1)","decl":{"start":{"line":44,"column":2},"end":{"line":44,"column":8}},"loc":{"start":{"line":45,"column":2},"end":{"line":49,"column":null}}},"2":{"name":"(anonymous_2)","decl":{"start":{"line":57,"column":2},"end":{"line":57,"column":9}},"loc":{"start":{"line":58,"column":2},"end":{"line":61,"column":null}}},"3":{"name":"(anonymous_3)","decl":{"start":{"line":69,"column":2},"end":{"line":69,"column":7}},"loc":{"start":{"line":70,"column":2},"end":{"line":74,"column":null}}},"4":{"name":"(anonymous_4)","decl":{"start":{"line":82,"column":2},"end":{"line":82,"column":9}},"loc":{"start":{"line":83,"column":2},"end":{"line":86,"column":null}}},"5":{"name":"(anonymous_5)","decl":{"start":{"line":94,"column":2},"end":{"line":94,"column":9}},"loc":{"start":{"line":95,"column":2},"end":{"line":99,"column":null}}},"6":{"name":"(anonymous_6)","decl":{"start":{"line":107,"column":2},"end":{"line":107,"column":9}},"loc":{"start":{"line":108,"column":2},"end":{"line":111,"column":null}}},"7":{"name":"(anonymous_7)","decl":{"start":{"line":119,"column":2},"end":{"line":119,"column":9}},"loc":{"start":{"line":120,"column":2},"end":{"line":124,"column":null}}},"8":{"name":"(anonymous_8)","decl":{"start":{"line":132,"column":2},"end":{"line":132,"column":9}},"loc":{"start":{"line":133,"column":2},"end":{"line":136,"column":null}}},"9":{"name":"(anonymous_9)","decl":{"start":{"line":144,"column":2},"end":{"line":144,"column":7}},"loc":{"start":{"line":145,"column":2},"end":{"line":149,"column":null}}},"10":{"name":"(anonymous_10)","decl":{"start":{"line":157,"column":2},"end":{"line":157,"column":9}},"loc":{"start":{"line":158,"column":2},"end":{"line":161,"column":null}}},"11":{"name":"(anonymous_11)","decl":{"start":{"line":169,"column":2},"end":{"line":169,"column":11}},"loc":{"start":{"line":170,"column":2},"end":{"line":174,"column":null}}},"12":{"name":"(anonymous_12)","decl":{"start":{"line":182,"column":2},"end":{"line":182,"column":9}},"loc":{"start":{"line":183,"column":2},"end":{"line":186,"column":null}}},"13":{"name":"(anonymous_13)","decl":{"start":{"line":193,"column":12},"end":{"line":193,"column":null}},"loc":{"start":{"line":194,"column":2},"end":{"line":216,"column":null}}}},"branchMap":{"0":{"loc":{"start":{"line":196,"column":4},"end":{"line":198,"column":null}},"type":"if","locations":[{"start":{"line":196,"column":4},"end":{"line":198,"column":null}},{"start":{"line":196,"column":4},"end":{"line":198,"column":null}}]},"1":{"loc":{"start":{"line":199,"column":4},"end":{"line":201,"column":null}},"type":"if","locations":[{"start":{"line":199,"column":4},"end":{"line":201,"column":null}},{"start":{"line":199,"column":4},"end":{"line":201,"column":null}}]},"2":{"loc":{"start":{"line":202,"column":4},"end":{"line":204,"column":null}},"type":"if","locations":[{"start":{"line":202,"column":4},"end":{"line":204,"column":null}},{"start":{"line":202,"column":4},"end":{"line":204,"column":null}}]},"3":{"loc":{"start":{"line":205,"column":4},"end":{"line":207,"column":null}},"type":"if","locations":[{"start":{"line":205,"column":4},"end":{"line":207,"column":null}},{"start":{"line":205,"column":4},"end":{"line":207,"column":null}}]},"4":{"loc":{"start":{"line":208,"column":4},"end":{"line":210,"column":null}},"type":"if","locations":[{"start":{"line":208,"column":4},"end":{"line":210,"column":null}},{"start":{"line":208,"column":4},"end":{"line":210,"column":null}}]},"5":{"loc":{"start":{"line":211,"column":4},"end":{"line":213,"column":null}},"type":"if","locations":[{"start":{"line":211,"column":4},"end":{"line":213,"column":null}},{"start":{"line":211,"column":4},"end":{"line":213,"column":null}}]}},"s":{"0":2,"1":2,"2":2,"3":2,"4":2,"5":2,"6":2,"7":0,"8":0,"9":0,"10":0,"11":0,"12":0,"13":0,"14":0,"15":0,"16":0,"17":0,"18":0,"19":0,"20":0,"21":0,"22":0,"23":0,"24":0,"25":0,"26":0,"27":0,"28":0,"29":0,"30":0,"31":0,"32":0,"33":0,"34":0,"35":0,"36":0,"37":1,"38":1,"39":1,"40":1,"41":0,"42":1,"43":0,"44":1,"45":0,"46":1,"47":0,"48":1,"49":1,"50":1},"f":{"0":2,"1":0,"2":0,"3":0,"4":0,"5":0,"6":0,"7":0,"8":0,"9":0,"10":0,"11":0,"12":0,"13":1},"b":{"0":[1,0],"1":[0,1],"2":[0,1],"3":[0,1],"4":[0,1],"5":[1,0]}}
,"/home/aquinch/Documents/GitHub/vue-eloquent-v2/src/api/ModelApi.ts": {"path":"/home/aquinch/Documents/GitHub/vue-eloquent-v2/src/api/ModelApi.ts","statementMap":{"0":{"start":{"line":5,"column":13},"end":{"line":5,"column":null}},"1":{"start":{"line":8,"column":4},"end":{"line":8,"column":null}}},"fnMap":{"0":{"name":"(anonymous_0)","decl":{"start":{"line":7,"column":2},"end":{"line":7,"column":16}},"loc":{"start":{"line":7,"column":16},"end":{"line":9,"column":null}}}},"branchMap":{},"s":{"0":0,"1":0},"f":{"0":0},"b":{}}
,"/home/aquinch/Documents/GitHub/vue-eloquent-v2/src/auth/Auth.ts": {"path":"/home/aquinch/Documents/GitHub/vue-eloquent-v2/src/auth/Auth.ts","statementMap":{"0":{"start":{"line":4,"column":19},"end":{"line":9,"column":null}},"1":{"start":{"line":15,"column":4},"end":{"line":17,"column":null}},"2":{"start":{"line":16,"column":6},"end":{"line":16,"column":null}},"3":{"start":{"line":18,"column":4},"end":{"line":20,"column":null}},"4":{"start":{"line":19,"column":6},"end":{"line":19,"column":null}},"5":{"start":{"line":21,"column":4},"end":{"line":23,"column":null}},"6":{"start":{"line":22,"column":6},"end":{"line":22,"column":null}},"7":{"start":{"line":24,"column":4},"end":{"line":26,"column":null}},"8":{"start":{"line":25,"column":6},"end":{"line":25,"column":null}},"9":{"start":{"line":30,"column":4},"end":{"line":30,"column":null}},"10":{"start":{"line":33,"column":4},"end":{"line":33,"column":null}},"11":{"start":{"line":44,"column":4},"end":{"line":68,"column":null}},"12":{"start":{"line":45,"column":6},"end":{"line":67,"column":null}},"13":{"start":{"line":48,"column":27},"end":{"line":48,"column":null}},"14":{"start":{"line":49,"column":10},"end":{"line":61,"column":null}},"15":{"start":{"line":52,"column":14},"end":{"line":52,"column":null}},"16":{"start":{"line":53,"column":14},"end":{"line":53,"column":null}},"17":{"start":{"line":54,"column":14},"end":{"line":54,"column":null}},"18":{"start":{"line":56,"column":14},"end":{"line":56,"column":null}},"19":{"start":{"line":59,"column":14},"end":{"line":59,"column":null}},"20":{"start":{"line":60,"column":14},"end":{"line":60,"column":null}},"21":{"start":{"line":64,"column":10},"end":{"line":64,"column":null}},"22":{"start":{"line":65,"column":10},"end":{"line":65,"column":null}},"23":{"start":{"line":66,"column":10},"end":{"line":66,"column":null}},"24":{"start":{"line":72,"column":4},"end":{"line":72,"column":null}},"25":{"start":{"line":75,"column":4},"end":{"line":75,"column":null}},"26":{"start":{"line":80,"column":4},"end":{"line":80,"column":null}},"27":{"start":{"line":85,"column":22},"end":{"line":85,"column":null}},"28":{"start":{"line":86,"column":4},"end":{"line":101,"column":null}},"29":{"start":{"line":87,"column":6},"end":{"line":100,"column":null}},"30":{"start":{"line":90,"column":10},"end":{"line":90,"column":null}},"31":{"start":{"line":91,"column":10},"end":{"line":91,"column":null}},"32":{"start":{"line":93,"column":10},"end":{"line":93,"column":null}},"33":{"start":{"line":96,"column":10},"end":{"line":96,"column":null}},"34":{"start":{"line":97,"column":10},"end":{"line":97,"column":null}},"35":{"start":{"line":99,"column":10},"end":{"line":99,"column":null}},"36":{"start":{"line":104,"column":4},"end":{"line":104,"column":null}},"37":{"start":{"line":107,"column":4},"end":{"line":107,"column":null}},"38":{"start":{"line":111,"column":30},"end":{"line":111,"column":null}},"39":{"start":{"line":112,"column":4},"end":{"line":122,"column":null}},"40":{"start":{"line":113,"column":6},"end":{"line":121,"column":null}},"41":{"start":{"line":116,"column":10},"end":{"line":116,"column":null}},"42":{"start":{"line":119,"column":10},"end":{"line":119,"column":null}},"43":{"start":{"line":120,"column":10},"end":{"line":120,"column":null}},"44":{"start":{"line":126,"column":29},"end":{"line":126,"column":null}},"45":{"start":{"line":127,"column":4},"end":{"line":141,"column":null}},"46":{"start":{"line":128,"column":6},"end":{"line":140,"column":null}},"47":{"start":{"line":131,"column":10},"end":{"line":131,"column":null}},"48":{"start":{"line":132,"column":10},"end":{"line":132,"column":null}},"49":{"start":{"line":133,"column":10},"end":{"line":133,"column":null}},"50":{"start":{"line":135,"column":10},"end":{"line":135,"column":null}},"51":{"start":{"line":138,"column":10},"end":{"line":138,"column":null}},"52":{"start":{"line":139,"column":10},"end":{"line":139,"column":null}}},"fnMap":{"0":{"name":"(anonymous_0)","decl":{"start":{"line":14,"column":2},"end":{"line":14,"column":14}},"loc":{"start":{"line":14,"column":109},"end":{"line":27,"column":null}}},"1":{"name":"(anonymous_1)","decl":{"start":{"line":29,"column":2},"end":{"line":29,"column":6}},"loc":{"start":{"line":29,"column":29},"end":{"line":31,"column":null}}},"2":{"name":"(anonymous_2)","decl":{"start":{"line":32,"column":2},"end":{"line":32,"column":6}},"loc":{"start":{"line":32,"column":27},"end":{"line":34,"column":null}}},"3":{"name":"(anonymous_3)","decl":{"start":{"line":43,"column":2},"end":{"line":43,"column":8}},"loc":{"start":{"line":43,"column":22},"end":{"line":69,"column":null}}},"4":{"name":"(anonymous_4)","decl":{"start":{"line":44,"column":23},"end":{"line":44,"column":24}},"loc":{"start":{"line":44,"column":44},"end":{"line":68,"column":5}}},"5":{"name":"(anonymous_5)","decl":{"start":{"line":47,"column":14},"end":{"line":47,"column":20}},"loc":{"start":{"line":47,"column":20},"end":{"line":62,"column":9}}},"6":{"name":"(anonymous_6)","decl":{"start":{"line":51,"column":18},"end":{"line":51,"column":19}},"loc":{"start":{"line":51,"column":33},"end":{"line":57,"column":13}}},"7":{"name":"(anonymous_7)","decl":{"start":{"line":58,"column":19},"end":{"line":58,"column":20}},"loc":{"start":{"line":58,"column":31},"end":{"line":61,"column":13}}},"8":{"name":"(anonymous_8)","decl":{"start":{"line":63,"column":15},"end":{"line":63,"column":16}},"loc":{"start":{"line":63,"column":28},"end":{"line":67,"column":9}}},"9":{"name":"(anonymous_9)","decl":{"start":{"line":71,"column":2},"end":{"line":71,"column":11}},"loc":{"start":{"line":71,"column":26},"end":{"line":73,"column":null}}},"10":{"name":"(anonymous_10)","decl":{"start":{"line":74,"column":2},"end":{"line":74,"column":13}},"loc":{"start":{"line":74,"column":23},"end":{"line":76,"column":null}}},"11":{"name":"(anonymous_11)","decl":{"start":{"line":78,"column":2},"end":{"line":78,"column":null}},"loc":{"start":{"line":79,"column":2},"end":{"line":81,"column":null}}},"12":{"name":"(anonymous_12)","decl":{"start":{"line":83,"column":2},"end":{"line":83,"column":null}},"loc":{"start":{"line":84,"column":2},"end":{"line":102,"column":null}}},"13":{"name":"(anonymous_13)","decl":{"start":{"line":86,"column":23},"end":{"line":86,"column":24}},"loc":{"start":{"line":86,"column":44},"end":{"line":101,"column":5}}},"14":{"name":"(anonymous_14)","decl":{"start":{"line":89,"column":14},"end":{"line":89,"column":15}},"loc":{"start":{"line":89,"column":33},"end":{"line":94,"column":9}}},"15":{"name":"(anonymous_15)","decl":{"start":{"line":95,"column":15},"end":{"line":95,"column":16}},"loc":{"start":{"line":95,"column":28},"end":{"line":100,"column":9}}},"16":{"name":"(anonymous_16)","decl":{"start":{"line":103,"column":2},"end":{"line":103,"column":12}},"loc":{"start":{"line":103,"column":27},"end":{"line":105,"column":null}}},"17":{"name":"(anonymous_17)","decl":{"start":{"line":106,"column":2},"end":{"line":106,"column":14}},"loc":{"start":{"line":106,"column":24},"end":{"line":108,"column":null}}},"18":{"name":"(anonymous_18)","decl":{"start":{"line":110,"column":2},"end":{"line":110,"column":17}},"loc":{"start":{"line":110,"column":32},"end":{"line":123,"column":null}}},"19":{"name":"(anonymous_19)","decl":{"start":{"line":112,"column":23},"end":{"line":112,"column":24}},"loc":{"start":{"line":112,"column":44},"end":{"line":122,"column":5}}},"20":{"name":"(anonymous_20)","decl":{"start":{"line":115,"column":14},"end":{"line":115,"column":15}},"loc":{"start":{"line":115,"column":33},"end":{"line":117,"column":9}}},"21":{"name":"(anonymous_21)","decl":{"start":{"line":118,"column":15},"end":{"line":118,"column":16}},"loc":{"start":{"line":118,"column":29},"end":{"line":121,"column":9}}},"22":{"name":"(anonymous_22)","decl":{"start":{"line":125,"column":2},"end":{"line":125,"column":16}},"loc":{"start":{"line":125,"column":30},"end":{"line":142,"column":null}}},"23":{"name":"(anonymous_23)","decl":{"start":{"line":127,"column":23},"end":{"line":127,"column":24}},"loc":{"start":{"line":127,"column":44},"end":{"line":141,"column":5}}},"24":{"name":"(anonymous_24)","decl":{"start":{"line":130,"column":14},"end":{"line":130,"column":15}},"loc":{"start":{"line":130,"column":33},"end":{"line":136,"column":9}}},"25":{"name":"(anonymous_25)","decl":{"start":{"line":137,"column":15},"end":{"line":137,"column":16}},"loc":{"start":{"line":137,"column":29},"end":{"line":140,"column":9}}}},"branchMap":{"0":{"loc":{"start":{"line":15,"column":4},"end":{"line":17,"column":null}},"type":"if","locations":[{"start":{"line":15,"column":4},"end":{"line":17,"column":null}},{"start":{"line":15,"column":4},"end":{"line":17,"column":null}}]},"1":{"loc":{"start":{"line":18,"column":4},"end":{"line":20,"column":null}},"type":"if","locations":[{"start":{"line":18,"column":4},"end":{"line":20,"column":null}},{"start":{"line":18,"column":4},"end":{"line":20,"column":null}}]},"2":{"loc":{"start":{"line":21,"column":4},"end":{"line":23,"column":null}},"type":"if","locations":[{"start":{"line":21,"column":4},"end":{"line":23,"column":null}},{"start":{"line":21,"column":4},"end":{"line":23,"column":null}}]},"3":{"loc":{"start":{"line":24,"column":4},"end":{"line":26,"column":null}},"type":"if","locations":[{"start":{"line":24,"column":4},"end":{"line":26,"column":null}},{"start":{"line":24,"column":4},"end":{"line":26,"column":null}}]}},"s":{"0":0,"1":0,"2":0,"3":0,"4":0,"5":0,"6":0,"7":0,"8":0,"9":0,"10":0,"11":0,"12":0,"13":0,"14":0,"15":0,"16":0,"17":0,"18":0,"19":0,"20":0,"21":0,"22":0,"23":0,"24":0,"25":0,"26":0,"27":0,"28":0,"29":0,"30":0,"31":0,"32":0,"33":0,"34":0,"35":0,"36":0,"37":0,"38":0,"39":0,"40":0,"41":0,"42":0,"43":0,"44":0,"45":0,"46":0,"47":0,"48":0,"49":0,"50":0,"51":0,"52":0},"f":{"0":0,"1":0,"2":0,"3":0,"4":0,"5":0,"6":0,"7":0,"8":0,"9":0,"10":0,"11":0,"12":0,"13":0,"14":0,"15":0,"16":0,"17":0,"18":0,"19":0,"20":0,"21":0,"22":0,"23":0,"24":0,"25":0},"b":{"0":[0,0],"1":[0,0],"2":[0,0],"3":[0,0]}}
,"/home/aquinch/Documents/GitHub/vue-eloquent-v2/src/broadcast/broadcast.ts": {"path":"/home/aquinch/Documents/GitHub/vue-eloquent-v2/src/broadcast/broadcast.ts","statementMap":{"0":{"start":{"line":4,"column":2},"end":{"line":4,"column":null}},"1":{"start":{"line":4,"column":15},"end":{"line":4,"column":null}},"2":{"start":{"line":6,"column":2},"end":{"line":6,"column":null}}},"fnMap":{"0":{"name":"createBroadcast","decl":{"start":{"line":3,"column":9},"end":{"line":3,"column":25}},"loc":{"start":{"line":3,"column":38},"end":{"line":7,"column":null}}}},"branchMap":{"0":{"loc":{"start":{"line":4,"column":2},"end":{"line":4,"column":null}},"type":"if","locations":[{"start":{"line":4,"column":2},"end":{"line":4,"column":null}},{"start":{"line":4,"column":2},"end":{"line":4,"column":null}}]}},"s":{"0":0,"1":0,"2":0},"f":{"0":0},"b":{"0":[0,0]}}
,"/home/aquinch/Documents/GitHub/vue-eloquent-v2/src/collection/Collection.ts": {"path":"/home/aquinch/Documents/GitHub/vue-eloquent-v2/src/collection/Collection.ts","statementMap":{"0":{"start":{"line":24,"column":22},"end":{"line":28,"column":null}},"1":{"start":{"line":33,"column":38},"end":{"line":33,"column":null}},"2":{"start":{"line":38,"column":31},"end":{"line":38,"column":null}},"3":{"start":{"line":42,"column":4},"end":{"line":42,"column":null}},"4":{"start":{"line":43,"column":4},"end":{"line":43,"column":null}},"5":{"start":{"line":44,"column":4},"end":{"line":44,"column":null}},"6":{"start":{"line":45,"column":4},"end":{"line":45,"column":null}},"7":{"start":{"line":47,"column":4},"end":{"line":49,"column":null}},"8":{"start":{"line":48,"column":6},"end":{"line":48,"column":null}},"9":{"start":{"line":62,"column":4},"end":{"line":62,"column":null}},"10":{"start":{"line":63,"column":4},"end":{"line":86,"column":null}},"11":{"start":{"line":64,"column":6},"end":{"line":64,"column":null}},"12":{"start":{"line":65,"column":6},"end":{"line":70,"column":null}},"13":{"start":{"line":72,"column":6},"end":{"line":72,"column":null}},"14":{"start":{"line":73,"column":23},"end":{"line":73,"column":null}},"15":{"start":{"line":74,"column":6},"end":{"line":74,"column":null}},"16":{"start":{"line":75,"column":6},"end":{"line":75,"column":null}},"17":{"start":{"line":77,"column":6},"end":{"line":77,"column":null}},"18":{"start":{"line":78,"column":6},"end":{"line":78,"column":null}},"19":{"start":{"line":80,"column":6},"end":{"line":80,"column":null}},"20":{"start":{"line":82,"column":6},"end":{"line":82,"column":null}},"21":{"start":{"line":83,"column":6},"end":{"line":83,"column":null}},"22":{"start":{"line":85,"column":6},"end":{"line":85,"column":null}},"23":{"start":{"line":95,"column":4},"end":{"line":97,"column":null}},"24":{"start":{"line":96,"column":6},"end":{"line":96,"column":null}},"25":{"start":{"line":98,"column":4},"end":{"line":111,"column":null}},"26":{"start":{"line":101,"column":8},"end":{"line":101,"column":null}},"27":{"start":{"line":104,"column":8},"end":{"line":104,"column":null}},"28":{"start":{"line":107,"column":8},"end":{"line":107,"column":null}},"29":{"start":{"line":110,"column":8},"end":{"line":110,"column":null}},"30":{"start":{"line":112,"column":4},"end":{"line":112,"column":null}},"31":{"start":{"line":113,"column":4},"end":{"line":113,"column":null}},"32":{"start":{"line":114,"column":4},"end":{"line":114,"column":null}},"33":{"start":{"line":122,"column":4},"end":{"line":125,"column":null}},"34":{"start":{"line":123,"column":6},"end":{"line":123,"column":null}},"35":{"start":{"line":124,"column":6},"end":{"line":124,"column":null}},"36":{"start":{"line":126,"column":4},"end":{"line":126,"column":null}},"37":{"start":{"line":127,"column":4},"end":{"line":127,"column":null}},"38":{"start":{"line":138,"column":4},"end":{"line":140,"column":null}},"39":{"start":{"line":139,"column":6},"end":{"line":139,"column":null}},"40":{"start":{"line":148,"column":44},"end":{"line":148,"column":51}},"41":{"start":{"line":151,"column":45},"end":{"line":151,"column":52}},"42":{"start":{"line":158,"column":42},"end":{"line":158,"column":49}},"43":{"start":{"line":183,"column":4},"end":{"line":183,"column":null}},"44":{"start":{"line":184,"column":4},"end":{"line":184,"column":null}},"45":{"start":{"line":185,"column":4},"end":{"line":185,"column":null}},"46":{"start":{"line":186,"column":4},"end":{"line":186,"column":null}},"47":{"start":{"line":187,"column":4},"end":{"line":187,"column":null}},"48":{"start":{"line":195,"column":4},"end":{"line":195,"column":null}},"49":{"start":{"line":196,"column":4},"end":{"line":196,"column":null}},"50":{"start":{"line":197,"column":4},"end":{"line":197,"column":null}},"51":{"start":{"line":198,"column":4},"end":{"line":198,"column":null}},"52":{"start":{"line":199,"column":4},"end":{"line":199,"column":null}},"53":{"start":{"line":207,"column":4},"end":{"line":207,"column":null}},"54":{"start":{"line":208,"column":4},"end":{"line":208,"column":null}},"55":{"start":{"line":209,"column":4},"end":{"line":209,"column":null}},"56":{"start":{"line":210,"column":4},"end":{"line":210,"column":null}},"57":{"start":{"line":211,"column":4},"end":{"line":211,"column":null}},"58":{"start":{"line":216,"column":4},"end":{"line":216,"column":null}},"59":{"start":{"line":217,"column":4},"end":{"line":217,"column":null}},"60":{"start":{"line":218,"column":4},"end":{"line":218,"column":null}}},"fnMap":{"0":{"name":"(anonymous_0)","decl":{"start":{"line":40,"column":12},"end":{"line":40,"column":null}},"loc":{"start":{"line":41,"column":2},"end":{"line":50,"column":null}}},"1":{"name":"(anonymous_1)","decl":{"start":{"line":47,"column":20},"end":{"line":47,"column":26}},"loc":{"start":{"line":47,"column":26},"end":{"line":49,"column":5}}},"2":{"name":"(anonymous_2)","decl":{"start":{"line":59,"column":2},"end":{"line":59,"column":8}},"loc":{"start":{"line":60,"column":2},"end":{"line":87,"column":null}}},"3":{"name":"(anonymous_3)","decl":{"start":{"line":93,"column":2},"end":{"line":93,"column":14}},"loc":{"start":{"line":94,"column":2},"end":{"line":115,"column":null}}},"4":{"name":"(anonymous_4)","decl":{"start":{"line":100,"column":13},"end":{"line":100,"column":14}},"loc":{"start":{"line":100,"column":29},"end":{"line":102,"column":7}}},"5":{"name":"(anonymous_5)","decl":{"start":{"line":103,"column":26},"end":{"line":103,"column":27}},"loc":{"start":{"line":103,"column":38},"end":{"line":105,"column":7}}},"6":{"name":"(anonymous_6)","decl":{"start":{"line":106,"column":26},"end":{"line":106,"column":27}},"loc":{"start":{"line":106,"column":38},"end":{"line":108,"column":7}}},"7":{"name":"(anonymous_7)","decl":{"start":{"line":109,"column":26},"end":{"line":109,"column":27}},"loc":{"start":{"line":109,"column":38},"end":{"line":111,"column":7}}},"8":{"name":"(anonymous_8)","decl":{"start":{"line":120,"column":2},"end":{"line":120,"column":null}},"loc":{"start":{"line":121,"column":2},"end":{"line":128,"column":null}}},"9":{"name":"(anonymous_9)","decl":{"start":{"line":136,"column":12},"end":{"line":136,"column":23}},"loc":{"start":{"line":137,"column":2},"end":{"line":141,"column":null}}},"10":{"name":"(anonymous_10)","decl":{"start":{"line":148,"column":12},"end":{"line":148,"column":21}},"loc":{"start":{"line":148,"column":42},"end":{"line":148,"column":null}}},"11":{"name":"(anonymous_11)","decl":{"start":{"line":151,"column":12},"end":{"line":151,"column":26}},"loc":{"start":{"line":151,"column":43},"end":{"line":151,"column":null}}},"12":{"name":"(anonymous_12)","decl":{"start":{"line":158,"column":12},"end":{"line":158,"column":20}},"loc":{"start":{"line":158,"column":40},"end":{"line":158,"column":null}}},"13":{"name":"(anonymous_13)","decl":{"start":{"line":181,"column":12},"end":{"line":181,"column":null}},"loc":{"start":{"line":182,"column":2},"end":{"line":188,"column":null}}},"14":{"name":"(anonymous_14)","decl":{"start":{"line":193,"column":12},"end":{"line":193,"column":null}},"loc":{"start":{"line":194,"column":2},"end":{"line":200,"column":null}}},"15":{"name":"(anonymous_15)","decl":{"start":{"line":205,"column":12},"end":{"line":205,"column":null}},"loc":{"start":{"line":206,"column":2},"end":{"line":212,"column":null}}},"16":{"name":"(anonymous_16)","decl":{"start":{"line":214,"column":12},"end":{"line":214,"column":32}},"loc":{"start":{"line":215,"column":2},"end":{"line":219,"column":null}}}},"branchMap":{"0":{"loc":{"start":{"line":64,"column":6},"end":{"line":64,"column":null}},"type":"cond-expr","locations":[{"start":{"line":64,"column":15},"end":{"line":64,"column":38}},{"start":{"line":64,"column":38},"end":{"line":64,"column":null}}]},"1":{"loc":{"start":{"line":95,"column":4},"end":{"line":97,"column":null}},"type":"if","locations":[{"start":{"line":95,"column":4},"end":{"line":97,"column":null}},{"start":{"line":95,"column":4},"end":{"line":97,"column":null}}]},"2":{"loc":{"start":{"line":122,"column":4},"end":{"line":125,"column":null}},"type":"if","locations":[{"start":{"line":122,"column":4},"end":{"line":125,"column":null}},{"start":{"line":122,"column":4},"end":{"line":125,"column":null}}]},"3":{"loc":{"start":{"line":138,"column":4},"end":{"line":140,"column":null}},"type":"if","locations":[{"start":{"line":138,"column":4},"end":{"line":140,"column":null}},{"start":{"line":138,"column":4},"end":{"line":140,"column":null}}]},"4":{"loc":{"start":{"line":138,"column":8},"end":{"line":138,"column":41}},"type":"binary-expr","locations":[{"start":{"line":138,"column":8},"end":{"line":138,"column":22}},{"start":{"line":138,"column":22},"end":{"line":138,"column":41}}]}},"s":{"0":0,"1":0,"2":0,"3":0,"4":0,"5":0,"6":0,"7":0,"8":0,"9":0,"10":0,"11":0,"12":0,"13":0,"14":0,"15":0,"16":0,"17":0,"18":0,"19":0,"20":0,"21":0,"22":0,"23":0,"24":0,"25":0,"26":0,"27":0,"28":0,"29":0,"30":0,"31":0,"32":0,"33":0,"34":0,"35":0,"36":0,"37":0,"38":0,"39":0,"40":0,"41":0,"42":0,"43":0,"44":0,"45":0,"46":0,"47":0,"48":0,"49":0,"50":0,"51":0,"52":0,"53":0,"54":0,"55":0,"56":0,"57":0,"58":0,"59":0,"60":0},"f":{"0":0,"1":0,"2":0,"3":0,"4":0,"5":0,"6":0,"7":0,"8":0,"9":0,"10":0,"11":0,"12":0,"13":0,"14":0,"15":0,"16":0},"b":{"0":[0,0],"1":[0,0],"2":[0,0],"3":[0,0],"4":[0,0]}}
,"/home/aquinch/Documents/GitHub/vue-eloquent-v2/src/collection/CollectionError.ts": {"path":"/home/aquinch/Documents/GitHub/vue-eloquent-v2/src/collection/CollectionError.ts","statementMap":{"0":{"start":{"line":6,"column":4},"end":{"line":6,"column":null}},"1":{"start":{"line":7,"column":4},"end":{"line":7,"column":null}}},"fnMap":{"0":{"name":"(anonymous_0)","decl":{"start":{"line":5,"column":2},"end":{"line":5,"column":14}},"loc":{"start":{"line":5,"column":43},"end":{"line":8,"column":null}}}},"branchMap":{},"s":{"0":0,"1":0},"f":{"0":0},"b":{}}
,"/home/aquinch/Documents/GitHub/vue-eloquent-v2/src/devtools/devToolsPlugin.ts": {"path":"/home/aquinch/Documents/GitHub/vue-eloquent-v2/src/devtools/devToolsPlugin.ts","statementMap":{"0":{"start":{"line":6,"column":4},"end":{"line":8,"column":null}},"1":{"start":{"line":7,"column":6},"end":{"line":7,"column":null}}},"fnMap":{"0":{"name":"(anonymous_0)","decl":{"start":{"line":5,"column":2},"end":{"line":5,"column":10}},"loc":{"start":{"line":5,"column":20},"end":{"line":9,"column":null}}}},"branchMap":{"0":{"loc":{"start":{"line":6,"column":4},"end":{"line":8,"column":null}},"type":"if","locations":[{"start":{"line":6,"column":4},"end":{"line":8,"column":null}},{"start":{"line":6,"column":4},"end":{"line":8,"column":null}}]}},"s":{"0":0,"1":0},"f":{"0":0},"b":{"0":[0,0]}}
,"/home/aquinch/Documents/GitHub/vue-eloquent-v2/src/devtools/devtools.ts": {"path":"/home/aquinch/Documents/GitHub/vue-eloquent-v2/src/devtools/devtools.ts","statementMap":{"0":{"start":{"line":5,"column":20},"end":{"line":5,"column":null}},"1":{"start":{"line":6,"column":24},"end":{"line":6,"column":null}},"2":{"start":{"line":11,"column":2},"end":{"line":66,"column":null}},"3":{"start":{"line":19,"column":4},"end":{"line":19,"column":null}},"4":{"start":{"line":20,"column":4},"end":{"line":20,"column":null}},"5":{"start":{"line":22,"column":4},"end":{"line":26,"column":null}},"6":{"start":{"line":28,"column":4},"end":{"line":32,"column":null}},"7":{"start":{"line":34,"column":4},"end":{"line":50,"column":null}},"8":{"start":{"line":35,"column":6},"end":{"line":49,"column":null}},"9":{"start":{"line":36,"column":8},"end":{"line":48,"column":null}},"10":{"start":{"line":41,"column":75},"end":{"line":41,"column":96}},"11":{"start":{"line":46,"column":75},"end":{"line":46,"column":101}},"12":{"start":{"line":52,"column":4},"end":{"line":64,"column":null}},"13":{"start":{"line":53,"column":6},"end":{"line":63,"column":null}},"14":{"start":{"line":54,"column":8},"end":{"line":62,"column":null}},"15":{"start":{"line":55,"column":23},"end":{"line":55,"column":null}},"16":{"start":{"line":55,"column":69},"end":{"line":55,"column":93}},"17":{"start":{"line":56,"column":10},"end":{"line":59,"column":null}},"18":{"start":{"line":57,"column":12},"end":{"line":57,"column":null}},"19":{"start":{"line":58,"column":12},"end":{"line":58,"column":null}},"20":{"start":{"line":61,"column":10},"end":{"line":61,"column":null}},"21":{"start":{"line":74,"column":32},"end":{"line":82,"column":null}},"22":{"start":{"line":75,"column":2},"end":{"line":75,"column":null}},"23":{"start":{"line":75,"column":12},"end":{"line":75,"column":null}},"24":{"start":{"line":77,"column":2},"end":{"line":81,"column":null}},"25":{"start":{"line":78,"column":4},"end":{"line":78,"column":null}},"26":{"start":{"line":79,"column":4},"end":{"line":79,"column":null}},"27":{"start":{"line":80,"column":4},"end":{"line":80,"column":null}},"28":{"start":{"line":88,"column":32},"end":{"line":99,"column":null}},"29":{"start":{"line":89,"column":2},"end":{"line":89,"column":null}},"30":{"start":{"line":89,"column":12},"end":{"line":89,"column":null}},"31":{"start":{"line":91,"column":2},"end":{"line":98,"column":null}}},"fnMap":{"0":{"name":"setupDevtools","decl":{"start":{"line":9,"column":16},"end":{"line":9,"column":30}},"loc":{"start":{"line":9,"column":40},"end":{"line":67,"column":null}}},"1":{"name":"(anonymous_1)","decl":{"start":{"line":18,"column":2},"end":{"line":18,"column":9}},"loc":{"start":{"line":18,"column":9},"end":{"line":66,"column":3}}},"2":{"name":"(anonymous_2)","decl":{"start":{"line":34,"column":28},"end":{"line":34,"column":29}},"loc":{"start":{"line":34,"column":51},"end":{"line":50,"column":5}}},"3":{"name":"(anonymous_3)","decl":{"start":{"line":41,"column":67},"end":{"line":41,"column":75}},"loc":{"start":{"line":41,"column":75},"end":{"line":41,"column":96}}},"4":{"name":"(anonymous_4)","decl":{"start":{"line":46,"column":67},"end":{"line":46,"column":75}},"loc":{"start":{"line":46,"column":75},"end":{"line":46,"column":101}}},"5":{"name":"(anonymous_5)","decl":{"start":{"line":52,"column":29},"end":{"line":52,"column":30}},"loc":{"start":{"line":52,"column":52},"end":{"line":64,"column":5}}},"6":{"name":"(anonymous_6)","decl":{"start":{"line":55,"column":63},"end":{"line":55,"column":69}},"loc":{"start":{"line":55,"column":69},"end":{"line":55,"column":93}}},"7":{"name":"(anonymous_7)","decl":{"start":{"line":74,"column":32},"end":{"line":74,"column":44}},"loc":{"start":{"line":74,"column":44},"end":{"line":82,"column":null}}},"8":{"name":"(anonymous_8)","decl":{"start":{"line":77,"column":13},"end":{"line":77,"column":25}},"loc":{"start":{"line":77,"column":25},"end":{"line":81,"column":5}}},"9":{"name":"(anonymous_9)","decl":{"start":{"line":88,"column":32},"end":{"line":88,"column":33}},"loc":{"start":{"line":88,"column":63},"end":{"line":99,"column":null}}}},"branchMap":{"0":{"loc":{"start":{"line":35,"column":6},"end":{"line":49,"column":null}},"type":"if","locations":[{"start":{"line":35,"column":6},"end":{"line":49,"column":null}},{"start":{"line":35,"column":6},"end":{"line":49,"column":null}}]},"1":{"loc":{"start":{"line":53,"column":6},"end":{"line":63,"column":null}},"type":"if","locations":[{"start":{"line":53,"column":6},"end":{"line":63,"column":null}},{"start":{"line":53,"column":6},"end":{"line":63,"column":null}}]},"2":{"loc":{"start":{"line":54,"column":8},"end":{"line":62,"column":null}},"type":"if","locations":[{"start":{"line":54,"column":8},"end":{"line":62,"column":null}},{"start":{"line":54,"column":8},"end":{"line":62,"column":null}}]},"3":{"loc":{"start":{"line":56,"column":10},"end":{"line":59,"column":null}},"type":"if","locations":[{"start":{"line":56,"column":10},"end":{"line":59,"column":null}},{"start":{"line":56,"column":10},"end":{"line":59,"column":null}}]},"4":{"loc":{"start":{"line":75,"column":2},"end":{"line":75,"column":null}},"type":"if","locations":[{"start":{"line":75,"column":2},"end":{"line":75,"column":null}},{"start":{"line":75,"column":2},"end":{"line":75,"column":null}}]},"5":{"loc":{"start":{"line":88,"column":41},"end":{"line":88,"column":57}},"type":"default-arg","locations":[{"start":{"line":88,"column":49},"end":{"line":88,"column":57}}]},"6":{"loc":{"start":{"line":89,"column":2},"end":{"line":89,"column":null}},"type":"if","locations":[{"start":{"line":89,"column":2},"end":{"line":89,"column":null}},{"start":{"line":89,"column":2},"end":{"line":89,"column":null}}]}},"s":{"0":1,"1":1,"2":0,"3":0,"4":0,"5":0,"6":0,"7":0,"8":0,"9":0,"10":0,"11":0,"12":0,"13":0,"14":0,"15":0,"16":0,"17":0,"18":0,"19":0,"20":0,"21":1,"22":0,"23":0,"24":0,"25":0,"26":0,"27":0,"28":1,"29":0,"30":0,"31":0},"f":{"0":0,"1":0,"2":0,"3":0,"4":0,"5":0,"6":0,"7":0,"8":0,"9":0},"b":{"0":[0,0],"1":[0,0],"2":[0,0],"3":[0,0],"4":[0,0],"5":[0],"6":[0,0]}}
,"/home/aquinch/Documents/GitHub/vue-eloquent-v2/src/enums/Action.ts": {"path":"/home/aquinch/Documents/GitHub/vue-eloquent-v2/src/enums/Action.ts","statementMap":{"0":{"start":{"line":6,"column":0},"end":{"line":6,"column":null}},"1":{"start":{"line":7,"column":4},"end":{"line":7,"column":null}},"2":{"start":{"line":8,"column":4},"end":{"line":8,"column":null}},"3":{"start":{"line":9,"column":4},"end":{"line":9,"column":null}},"4":{"start":{"line":10,"column":4},"end":{"line":10,"column":null}},"5":{"start":{"line":11,"column":4},"end":{"line":11,"column":null}},"6":{"start":{"line":12,"column":4},"end":{"line":12,"column":null}},"7":{"start":{"line":6,"column":5},"end":{"line":6,"column":null}}},"fnMap":{"0":{"name":"(anonymous_0)","decl":{"start":{"line":6,"column":0},"end":{"line":6,"column":5}},"loc":{"start":{"line":6,"column":0},"end":{"line":6,"column":null}}}},"branchMap":{"0":{"loc":{"start":{"line":6,"column":5},"end":{"line":6,"column":null}},"type":"binary-expr","locations":[{"start":{"line":6,"column":5},"end":{"line":6,"column":null}},{"start":{"line":6,"column":5},"end":{"line":6,"column":null}}]}},"s":{"0":1,"1":1,"2":1,"3":1,"4":1,"5":1,"6":1,"7":1},"f":{"0":1},"b":{"0":[1,1]}}
,"/home/aquinch/Documents/GitHub/vue-eloquent-v2/src/enums/Actioned.ts": {"path":"/home/aquinch/Documents/GitHub/vue-eloquent-v2/src/enums/Actioned.ts","statementMap":{"0":{"start":{"line":6,"column":0},"end":{"line":6,"column":null}},"1":{"start":{"line":7,"column":4},"end":{"line":7,"column":null}},"2":{"start":{"line":8,"column":4},"end":{"line":8,"column":null}},"3":{"start":{"line":9,"column":4},"end":{"line":9,"column":null}},"4":{"start":{"line":10,"column":4},"end":{"line":10,"column":null}},"5":{"start":{"line":6,"column":5},"end":{"line":6,"column":null}}},"fnMap":{"0":{"name":"(anonymous_0)","decl":{"start":{"line":6,"column":0},"end":{"line":6,"column":5}},"loc":{"start":{"line":6,"column":0},"end":{"line":6,"column":null}}}},"branchMap":{"0":{"loc":{"start":{"line":6,"column":5},"end":{"line":6,"column":null}},"type":"binary-expr","locations":[{"start":{"line":6,"column":5},"end":{"line":6,"column":null}},{"start":{"line":6,"column":5},"end":{"line":6,"column":null}}]}},"s":{"0":1,"1":1,"2":1,"3":1,"4":1,"5":1},"f":{"0":1},"b":{"0":[1,1]}}
,"/home/aquinch/Documents/GitHub/vue-eloquent-v2/src/helpers/SerializeModel.ts": {"path":"/home/aquinch/Documents/GitHub/vue-eloquent-v2/src/helpers/SerializeModel.ts","statementMap":{"0":{"start":{"line":3,"column":30},"end":{"line":28,"column":null}},"1":{"start":{"line":4,"column":2},"end":{"line":4,"column":null}},"2":{"start":{"line":8,"column":2},"end":{"line":11,"column":null}},"3":{"start":{"line":9,"column":4},"end":{"line":9,"column":null}},"4":{"start":{"line":10,"column":4},"end":{"line":10,"column":null}},"5":{"start":{"line":16,"column":2},"end":{"line":19,"column":null}},"6":{"start":{"line":17,"column":4},"end":{"line":17,"column":null}},"7":{"start":{"line":18,"column":4},"end":{"line":18,"column":null}},"8":{"start":{"line":24,"column":2},"end":{"line":27,"column":null}},"9":{"start":{"line":25,"column":4},"end":{"line":25,"column":null}},"10":{"start":{"line":26,"column":4},"end":{"line":26,"column":null}}},"fnMap":{"0":{"name":"(anonymous_0)","decl":{"start":{"line":3,"column":30},"end":{"line":3,"column":31}},"loc":{"start":{"line":3,"column":65},"end":{"line":28,"column":null}}},"1":{"name":"(anonymous_1)","decl":{"start":{"line":24,"column":22},"end":{"line":24,"column":28}},"loc":{"start":{"line":24,"column":28},"end":{"line":27,"column":3}}}},"branchMap":{"0":{"loc":{"start":{"line":8,"column":2},"end":{"line":11,"column":null}},"type":"if","locations":[{"start":{"line":8,"column":2},"end":{"line":11,"column":null}},{"start":{"line":8,"column":2},"end":{"line":11,"column":null}}]},"1":{"loc":{"start":{"line":16,"column":2},"end":{"line":19,"column":null}},"type":"if","locations":[{"start":{"line":16,"column":2},"end":{"line":19,"column":null}},{"start":{"line":16,"column":2},"end":{"line":19,"column":null}}]}},"s":{"0":1,"1":2,"2":2,"3":0,"4":0,"5":2,"6":1,"7":1,"8":1,"9":2,"10":2},"f":{"0":2,"1":2},"b":{"0":[0,2],"1":[1,1]}}
,"/home/aquinch/Documents/GitHub/vue-eloquent-v2/src/helpers/formatDates.ts": {"path":"/home/aquinch/Documents/GitHub/vue-eloquent-v2/src/helpers/formatDates.ts","statementMap":{"0":{"start":{"line":5,"column":27},"end":{"line":17,"column":null}},"1":{"start":{"line":8,"column":2},"end":{"line":15,"column":null}},"2":{"start":{"line":9,"column":24},"end":{"line":9,"column":null}},"3":{"start":{"line":10,"column":22},"end":{"line":10,"column":null}},"4":{"start":{"line":11,"column":4},"end":{"line":14,"column":null}},"5":{"start":{"line":12,"column":19},"end":{"line":12,"column":null}},"6":{"start":{"line":13,"column":6},"end":{"line":13,"column":null}},"7":{"start":{"line":13,"column":16},"end":{"line":13,"column":null}},"8":{"start":{"line":16,"column":2},"end":{"line":16,"column":null}}},"fnMap":{"0":{"name":"(anonymous_0)","decl":{"start":{"line":5,"column":27},"end":{"line":5,"column":28}},"loc":{"start":{"line":5,"column":64},"end":{"line":17,"column":null}}},"1":{"name":"(anonymous_1)","decl":{"start":{"line":8,"column":21},"end":{"line":8,"column":22}},"loc":{"start":{"line":8,"column":29},"end":{"line":15,"column":3}}}},"branchMap":{"0":{"loc":{"start":{"line":11,"column":4},"end":{"line":14,"column":null}},"type":"if","locations":[{"start":{"line":11,"column":4},"end":{"line":14,"column":null}},{"start":{"line":11,"column":4},"end":{"line":14,"column":null}}]},"1":{"loc":{"start":{"line":13,"column":6},"end":{"line":13,"column":null}},"type":"if","locations":[{"start":{"line":13,"column":6},"end":{"line":13,"column":null}},{"start":{"line":13,"column":6},"end":{"line":13,"column":null}}]}},"s":{"0":1,"1":0,"2":0,"3":0,"4":0,"5":0,"6":0,"7":0,"8":0},"f":{"0":0,"1":0},"b":{"0":[0,0],"1":[0,0]}}
,"/home/aquinch/Documents/GitHub/vue-eloquent-v2/src/helpers/formatObject.ts": {"path":"/home/aquinch/Documents/GitHub/vue-eloquent-v2/src/helpers/formatObject.ts","statementMap":{"0":{"start":{"line":3,"column":28},"end":{"line":17,"column":null}},"1":{"start":{"line":4,"column":2},"end":{"line":14,"column":null}},"2":{"start":{"line":5,"column":4},"end":{"line":13,"column":null}},"3":{"start":{"line":6,"column":6},"end":{"line":6,"column":null}},"4":{"start":{"line":7,"column":6},"end":{"line":7,"column":null}},"5":{"start":{"line":9,"column":6},"end":{"line":11,"column":null}},"6":{"start":{"line":10,"column":8},"end":{"line":10,"column":null}},"7":{"start":{"line":12,"column":6},"end":{"line":12,"column":null}},"8":{"start":{"line":16,"column":2},"end":{"line":16,"column":null}}},"fnMap":{"0":{"name":"(anonymous_0)","decl":{"start":{"line":3,"column":28},"end":{"line":3,"column":29}},"loc":{"start":{"line":3,"column":68},"end":{"line":17,"column":null}}},"1":{"name":"(anonymous_1)","decl":{"start":{"line":9,"column":23},"end":{"line":9,"column":24}},"loc":{"start":{"line":9,"column":36},"end":{"line":11,"column":7}}}},"branchMap":{"0":{"loc":{"start":{"line":4,"column":2},"end":{"line":14,"column":null}},"type":"if","locations":[{"start":{"line":4,"column":2},"end":{"line":14,"column":null}},{"start":{"line":4,"column":2},"end":{"line":14,"column":null}}]},"1":{"loc":{"start":{"line":5,"column":4},"end":{"line":13,"column":null}},"type":"if","locations":[{"start":{"line":5,"column":4},"end":{"line":13,"column":null}},{"start":{"line":8,"column":11},"end":{"line":13,"column":null}}]}},"s":{"0":1,"1":0,"2":0,"3":0,"4":0,"5":0,"6":0,"7":0,"8":0},"f":{"0":0,"1":0},"b":{"0":[0,0],"1":[0,0]}}
,"/home/aquinch/Documents/GitHub/vue-eloquent-v2/src/http/http.ts": {"path":"/home/aquinch/Documents/GitHub/vue-eloquent-v2/src/http/http.ts","statementMap":{"0":{"start":{"line":4,"column":24},"end":{"line":4,"column":null}},"1":{"start":{"line":20,"column":2},"end":{"line":20,"column":null}},"2":{"start":{"line":20,"column":45},"end":{"line":20,"column":null}},"3":{"start":{"line":22,"column":2},"end":{"line":29,"column":null}},"4":{"start":{"line":23,"column":4},"end":{"line":23,"column":null}},"5":{"start":{"line":25,"column":4},"end":{"line":28,"column":null}},"6":{"start":{"line":31,"column":2},"end":{"line":31,"column":null}},"7":{"start":{"line":31,"column":24},"end":{"line":31,"column":null}},"8":{"start":{"line":32,"column":2},"end":{"line":32,"column":null}},"9":{"start":{"line":32,"column":26},"end":{"line":32,"column":null}},"10":{"start":{"line":34,"column":2},"end":{"line":34,"column":null}}},"fnMap":{"0":{"name":"createHttp","decl":{"start":{"line":14,"column":9},"end":{"line":14,"column":20}},"loc":{"start":{"line":19,"column":0},"end":{"line":35,"column":null}}}},"branchMap":{"0":{"loc":{"start":{"line":20,"column":2},"end":{"line":20,"column":null}},"type":"if","locations":[{"start":{"line":20,"column":2},"end":{"line":20,"column":null}},{"start":{"line":20,"column":2},"end":{"line":20,"column":null}}]},"1":{"loc":{"start":{"line":20,"column":6},"end":{"line":20,"column":45}},"type":"binary-expr","locations":[{"start":{"line":20,"column":6},"end":{"line":20,"column":28}},{"start":{"line":20,"column":28},"end":{"line":20,"column":45}}]},"2":{"loc":{"start":{"line":22,"column":2},"end":{"line":29,"column":null}},"type":"if","locations":[{"start":{"line":22,"column":2},"end":{"line":29,"column":null}},{"start":{"line":24,"column":9},"end":{"line":29,"column":null}}]},"3":{"loc":{"start":{"line":31,"column":2},"end":{"line":31,"column":null}},"type":"if","locations":[{"start":{"line":31,"column":2},"end":{"line":31,"column":null}},{"start":{"line":31,"column":2},"end":{"line":31,"column":null}}]},"4":{"loc":{"start":{"line":32,"column":2},"end":{"line":32,"column":null}},"type":"if","locations":[{"start":{"line":32,"column":2},"end":{"line":32,"column":null}},{"start":{"line":32,"column":2},"end":{"line":32,"column":null}}]}},"s":{"0":1,"1":1,"2":0,"3":1,"4":1,"5":0,"6":1,"7":0,"8":1,"9":0,"10":1},"f":{"0":1},"b":{"0":[0,1],"1":[1,0],"2":[1,0],"3":[0,1],"4":[0,1]}}
,"/home/aquinch/Documents/GitHub/vue-eloquent-v2/src/model/Model.ts": {"path":"/home/aquinch/Documents/GitHub/vue-eloquent-v2/src/model/Model.ts","statementMap":{"0":{"start":{"line":8,"column":4},"end":{"line":21,"column":null}},"1":{"start":{"line":9,"column":6},"end":{"line":20,"column":null}},"2":{"start":{"line":10,"column":8},"end":{"line":18,"column":null}},"3":{"start":{"line":11,"column":10},"end":{"line":15,"column":null}},"4":{"start":{"line":17,"column":10},"end":{"line":17,"column":null}},"5":{"start":{"line":25,"column":4},"end":{"line":29,"column":null}},"6":{"start":{"line":35,"column":4},"end":{"line":35,"column":null}},"7":{"start":{"line":40,"column":4},"end":{"line":40,"column":null}},"8":{"start":{"line":40,"column":28},"end":{"line":40,"column":null}},"9":{"start":{"line":42,"column":4},"end":{"line":42,"column":null}},"10":{"start":{"line":47,"column":4},"end":{"line":54,"column":null}},"11":{"start":{"line":49,"column":6},"end":{"line":49,"column":null}},"12":{"start":{"line":51,"column":6},"end":{"line":51,"column":null}},"13":{"start":{"line":53,"column":6},"end":{"line":53,"column":null}}},"fnMap":{"0":{"name":"(anonymous_0)","decl":{"start":{"line":4,"column":12},"end":{"line":4,"column":26}},"loc":{"start":{"line":4,"column":26},"end":{"line":5,"column":null}}},"1":{"name":"(anonymous_1)","decl":{"start":{"line":7,"column":12},"end":{"line":7,"column":20}},"loc":{"start":{"line":7,"column":30},"end":{"line":22,"column":null}}},"2":{"name":"(anonymous_2)","decl":{"start":{"line":24,"column":12},"end":{"line":24,"column":20}},"loc":{"start":{"line":24,"column":20},"end":{"line":30,"column":null}}},"3":{"name":"(anonymous_3)","decl":{"start":{"line":32,"column":10},"end":{"line":32,"column":18}},"loc":{"start":{"line":33,"column":2},"end":{"line":36,"column":null}}},"4":{"name":"(anonymous_4)","decl":{"start":{"line":38,"column":10},"end":{"line":38,"column":18}},"loc":{"start":{"line":39,"column":2},"end":{"line":43,"column":null}}},"5":{"name":"(anonymous_5)","decl":{"start":{"line":45,"column":12},"end":{"line":45,"column":19}},"loc":{"start":{"line":46,"column":2},"end":{"line":55,"column":null}}}},"branchMap":{"0":{"loc":{"start":{"line":9,"column":6},"end":{"line":20,"column":null}},"type":"if","locations":[{"start":{"line":9,"column":6},"end":{"line":20,"column":null}},{"start":{"line":9,"column":6},"end":{"line":20,"column":null}}]},"1":{"loc":{"start":{"line":10,"column":8},"end":{"line":18,"column":null}},"type":"if","locations":[{"start":{"line":10,"column":8},"end":{"line":18,"column":null}},{"start":{"line":16,"column":15},"end":{"line":18,"column":null}}]},"2":{"loc":{"start":{"line":40,"column":4},"end":{"line":40,"column":null}},"type":"if","locations":[{"start":{"line":40,"column":4},"end":{"line":40,"column":null}},{"start":{"line":40,"column":4},"end":{"line":40,"column":null}}]},"3":{"loc":{"start":{"line":47,"column":4},"end":{"line":54,"column":null}},"type":"switch","locations":[{"start":{"line":48,"column":4},"end":{"line":49,"column":null}},{"start":{"line":50,"column":4},"end":{"line":51,"column":null}},{"start":{"line":52,"column":4},"end":{"line":53,"column":null}}]}},"s":{"0":3,"1":24,"2":24,"3":15,"4":9,"5":0,"6":39,"7":15,"8":0,"9":15,"10":15,"11":9,"12":3,"13":3},"f":{"0":3,"1":3,"2":0,"3":39,"4":15,"5":15},"b":{"0":[24,0],"1":[15,9],"2":[0,15],"3":[9,3,3]}}
,"/home/aquinch/Documents/GitHub/vue-eloquent-v2/src/model/ModelError.ts": {"path":"/home/aquinch/Documents/GitHub/vue-eloquent-v2/src/model/ModelError.ts","statementMap":{"0":{"start":{"line":6,"column":4},"end":{"line":6,"column":null}},"1":{"start":{"line":7,"column":4},"end":{"line":7,"column":null}}},"fnMap":{"0":{"name":"(anonymous_0)","decl":{"start":{"line":5,"column":2},"end":{"line":5,"column":14}},"loc":{"start":{"line":5,"column":43},"end":{"line":8,"column":null}}}},"branchMap":{},"s":{"0":0,"1":0},"f":{"0":0},"b":{}}
,"/home/aquinch/Documents/GitHub/vue-eloquent-v2/src/model/modelInspector.ts": {"path":"/home/aquinch/Documents/GitHub/vue-eloquent-v2/src/model/modelInspector.ts","statementMap":{"0":{"start":{"line":5,"column":37},"end":{"line":5,"column":null}},"1":{"start":{"line":6,"column":36},"end":{"line":6,"column":null}},"2":{"start":{"line":7,"column":37},"end":{"line":7,"column":null}},"3":{"start":{"line":9,"column":33},"end":{"line":38,"column":null}},"4":{"start":{"line":10,"column":2},"end":{"line":10,"column":null}},"5":{"start":{"line":10,"column":14},"end":{"line":10,"column":null}},"6":{"start":{"line":13,"column":15},"end":{"line":13,"column":null}},"7":{"start":{"line":15,"column":2},"end":{"line":15,"column":null}},"8":{"start":{"line":16,"column":2},"end":{"line":20,"column":null}},"9":{"start":{"line":21,"column":2},"end":{"line":25,"column":null}},"10":{"start":{"line":37,"column":2},"end":{"line":37,"column":null}},"11":{"start":{"line":40,"column":33},"end":{"line":42,"column":null}},"12":{"start":{"line":41,"column":2},"end":{"line":41,"column":null}},"13":{"start":{"line":44,"column":24},"end":{"line":51,"column":null}},"14":{"start":{"line":45,"column":2},"end":{"line":47,"column":null}},"15":{"start":{"line":46,"column":4},"end":{"line":46,"column":null}},"16":{"start":{"line":48,"column":2},"end":{"line":50,"column":null}},"17":{"start":{"line":49,"column":4},"end":{"line":49,"column":null}},"18":{"start":{"line":54,"column":16},"end":{"line":54,"column":null}},"19":{"start":{"line":54,"column":47},"end":{"line":54,"column":70}},"20":{"start":{"line":56,"column":2},"end":{"line":73,"column":null}},"21":{"start":{"line":77,"column":21},"end":{"line":77,"column":null}},"22":{"start":{"line":77,"column":52},"end":{"line":77,"column":75}},"23":{"start":{"line":79,"column":2},"end":{"line":102,"column":null}}},"fnMap":{"0":{"name":"(anonymous_0)","decl":{"start":{"line":9,"column":33},"end":{"line":9,"column":40}},"loc":{"start":{"line":9,"column":78},"end":{"line":38,"column":null}}},"1":{"name":"(anonymous_1)","decl":{"start":{"line":40,"column":33},"end":{"line":40,"column":39}},"loc":{"start":{"line":40,"column":39},"end":{"line":42,"column":null}}},"2":{"name":"(anonymous_2)","decl":{"start":{"line":44,"column":24},"end":{"line":44,"column":25}},"loc":{"start":{"line":44,"column":60},"end":{"line":51,"column":null}}},"3":{"name":"modelStateMap","decl":{"start":{"line":53,"column":9},"end":{"line":53,"column":23}},"loc":{"start":{"line":53,"column":41},"end":{"line":74,"column":null}}},"4":{"name":"(anonymous_4)","decl":{"start":{"line":54,"column":36},"end":{"line":54,"column":47}},"loc":{"start":{"line":54,"column":47},"end":{"line":54,"column":70}}},"5":{"name":"collectionStateMap","decl":{"start":{"line":76,"column":9},"end":{"line":76,"column":28}},"loc":{"start":{"line":76,"column":46},"end":{"line":103,"column":null}}},"6":{"name":"(anonymous_6)","decl":{"start":{"line":77,"column":41},"end":{"line":77,"column":52}},"loc":{"start":{"line":77,"column":52},"end":{"line":77,"column":75}}}},"branchMap":{"0":{"loc":{"start":{"line":10,"column":2},"end":{"line":10,"column":null}},"type":"if","locations":[{"start":{"line":10,"column":2},"end":{"line":10,"column":null}},{"start":{"line":10,"column":2},"end":{"line":10,"column":null}}]},"1":{"loc":{"start":{"line":13,"column":15},"end":{"line":13,"column":null}},"type":"cond-expr","locations":[{"start":{"line":13,"column":39},"end":{"line":13,"column":49}},{"start":{"line":13,"column":49},"end":{"line":13,"column":null}}]},"2":{"loc":{"start":{"line":45,"column":2},"end":{"line":47,"column":null}},"type":"if","locations":[{"start":{"line":45,"column":2},"end":{"line":47,"column":null}},{"start":{"line":45,"column":2},"end":{"line":47,"column":null}}]},"3":{"loc":{"start":{"line":48,"column":2},"end":{"line":50,"column":null}},"type":"if","locations":[{"start":{"line":48,"column":2},"end":{"line":50,"column":null}},{"start":{"line":48,"column":2},"end":{"line":50,"column":null}}]}},"s":{"0":1,"1":1,"2":1,"3":1,"4":0,"5":0,"6":0,"7":0,"8":0,"9":0,"10":0,"11":1,"12":0,"13":1,"14":0,"15":0,"16":0,"17":0,"18":0,"19":0,"20":0,"21":0,"22":0,"23":0},"f":{"0":0,"1":0,"2":0,"3":0,"4":0,"5":0,"6":0},"b":{"0":[0,0],"1":[0,0],"2":[0,0],"3":[0,0]}}
,"/home/aquinch/Documents/GitHub/vue-eloquent-v2/src/policy/Policy.ts": {"path":"/home/aquinch/Documents/GitHub/vue-eloquent-v2/src/policy/Policy.ts","statementMap":{"0":{"start":{"line":12,"column":37},"end":{"line":17,"column":null}},"1":{"start":{"line":20,"column":4},"end":{"line":20,"column":null}},"2":{"start":{"line":20,"column":14},"end":{"line":20,"column":null}},"3":{"start":{"line":27,"column":20},"end":{"line":27,"column":null}},"4":{"start":{"line":31,"column":4},"end":{"line":31,"column":null}},"5":{"start":{"line":36,"column":4},"end":{"line":36,"column":null}},"6":{"start":{"line":46,"column":5},"end":{"line":46,"column":null}},"7":{"start":{"line":47,"column":5},"end":{"line":47,"column":null}},"8":{"start":{"line":48,"column":5},"end":{"line":48,"column":null}},"9":{"start":{"line":49,"column":5},"end":{"line":49,"column":null}},"10":{"start":{"line":60,"column":4},"end":{"line":60,"column":null}},"11":{"start":{"line":71,"column":4},"end":{"line":71,"column":null}},"12":{"start":{"line":81,"column":4},"end":{"line":81,"column":null}},"13":{"start":{"line":91,"column":4},"end":{"line":91,"column":null}},"14":{"start":{"line":102,"column":4},"end":{"line":102,"column":null}},"15":{"start":{"line":102,"column":34},"end":{"line":102,"column":null}},"16":{"start":{"line":104,"column":4},"end":{"line":104,"column":null}},"17":{"start":{"line":105,"column":4},"end":{"line":105,"column":null}},"18":{"start":{"line":115,"column":4},"end":{"line":115,"column":null}},"19":{"start":{"line":115,"column":32},"end":{"line":115,"column":null}},"20":{"start":{"line":117,"column":4},"end":{"line":117,"column":null}},"21":{"start":{"line":118,"column":4},"end":{"line":118,"column":null}},"22":{"start":{"line":128,"column":4},"end":{"line":128,"column":null}},"23":{"start":{"line":128,"column":34},"end":{"line":128,"column":null}},"24":{"start":{"line":130,"column":4},"end":{"line":130,"column":null}},"25":{"start":{"line":131,"column":4},"end":{"line":131,"column":null}},"26":{"start":{"line":141,"column":4},"end":{"line":141,"column":null}},"27":{"start":{"line":141,"column":34},"end":{"line":141,"column":null}},"28":{"start":{"line":143,"column":4},"end":{"line":143,"column":null}},"29":{"start":{"line":144,"column":4},"end":{"line":144,"column":null}},"30":{"start":{"line":154,"column":4},"end":{"line":154,"column":null}},"31":{"start":{"line":163,"column":4},"end":{"line":163,"column":null}},"32":{"start":{"line":172,"column":4},"end":{"line":172,"column":null}},"33":{"start":{"line":181,"column":4},"end":{"line":181,"column":null}}},"fnMap":{"0":{"name":"(anonymous_0)","decl":{"start":{"line":19,"column":2},"end":{"line":19,"column":14}},"loc":{"start":{"line":19,"column":34},"end":{"line":21,"column":null}}},"1":{"name":"(anonymous_1)","decl":{"start":{"line":29,"column":2},"end":{"line":29,"column":6}},"loc":{"start":{"line":30,"column":2},"end":{"line":32,"column":null}}},"2":{"name":"(anonymous_2)","decl":{"start":{"line":34,"column":2},"end":{"line":34,"column":6}},"loc":{"start":{"line":35,"column":2},"end":{"line":37,"column":null}}},"3":{"name":"(anonymous_3)","decl":{"start":{"line":44,"column":2},"end":{"line":44,"column":6}},"loc":{"start":{"line":45,"column":2},"end":{"line":50,"column":null}}},"4":{"name":"(anonymous_4)","decl":{"start":{"line":58,"column":2},"end":{"line":58,"column":6}},"loc":{"start":{"line":59,"column":2},"end":{"line":61,"column":null}}},"5":{"name":"(anonymous_5)","decl":{"start":{"line":69,"column":2},"end":{"line":69,"column":9}},"loc":{"start":{"line":70,"column":2},"end":{"line":72,"column":null}}},"6":{"name":"(anonymous_6)","decl":{"start":{"line":79,"column":2},"end":{"line":79,"column":null}},"loc":{"start":{"line":80,"column":2},"end":{"line":82,"column":null}}},"7":{"name":"(anonymous_7)","decl":{"start":{"line":89,"column":2},"end":{"line":89,"column":null}},"loc":{"start":{"line":90,"column":2},"end":{"line":92,"column":null}}},"8":{"name":"(anonymous_8)","decl":{"start":{"line":100,"column":2},"end":{"line":100,"column":null}},"loc":{"start":{"line":101,"column":2},"end":{"line":106,"column":null}}},"9":{"name":"(anonymous_9)","decl":{"start":{"line":113,"column":2},"end":{"line":113,"column":null}},"loc":{"start":{"line":114,"column":2},"end":{"line":119,"column":null}}},"10":{"name":"(anonymous_10)","decl":{"start":{"line":126,"column":2},"end":{"line":126,"column":null}},"loc":{"start":{"line":127,"column":2},"end":{"line":132,"column":null}}},"11":{"name":"(anonymous_11)","decl":{"start":{"line":139,"column":2},"end":{"line":139,"column":null}},"loc":{"start":{"line":140,"column":2},"end":{"line":145,"column":null}}},"12":{"name":"(anonymous_12)","decl":{"start":{"line":152,"column":2},"end":{"line":152,"column":null}},"loc":{"start":{"line":153,"column":2},"end":{"line":155,"column":null}}},"13":{"name":"(anonymous_13)","decl":{"start":{"line":161,"column":2},"end":{"line":161,"column":null}},"loc":{"start":{"line":162,"column":2},"end":{"line":164,"column":null}}},"14":{"name":"(anonymous_14)","decl":{"start":{"line":170,"column":2},"end":{"line":170,"column":null}},"loc":{"start":{"line":171,"column":2},"end":{"line":173,"column":null}}},"15":{"name":"(anonymous_15)","decl":{"start":{"line":179,"column":2},"end":{"line":179,"column":null}},"loc":{"start":{"line":180,"column":2},"end":{"line":182,"column":null}}}},"branchMap":{"0":{"loc":{"start":{"line":20,"column":4},"end":{"line":20,"column":null}},"type":"if","locations":[{"start":{"line":20,"column":4},"end":{"line":20,"column":null}},{"start":{"line":20,"column":4},"end":{"line":20,"column":null}}]},"1":{"loc":{"start":{"line":46,"column":5},"end":{"line":46,"column":null}},"type":"cond-expr","locations":[{"start":{"line":46,"column":43},"end":{"line":46,"column":83}},{"start":{"line":46,"column":83},"end":{"line":46,"column":null}}]},"2":{"loc":{"start":{"line":47,"column":5},"end":{"line":47,"column":null}},"type":"cond-expr","locations":[{"start":{"line":47,"column":41},"end":{"line":47,"column":77}},{"start":{"line":47,"column":77},"end":{"line":47,"column":null}}]},"3":{"loc":{"start":{"line":48,"column":5},"end":{"line":48,"column":null}},"type":"cond-expr","locations":[{"start":{"line":48,"column":42},"end":{"line":48,"column":82}},{"start":{"line":48,"column":82},"end":{"line":48,"column":null}}]},"4":{"loc":{"start":{"line":49,"column":5},"end":{"line":49,"column":null}},"type":"cond-expr","locations":[{"start":{"line":49,"column":42},"end":{"line":49,"column":82}},{"start":{"line":49,"column":82},"end":{"line":49,"column":null}}]},"5":{"loc":{"start":{"line":81,"column":11},"end":{"line":81,"column":null}},"type":"binary-expr","locations":[{"start":{"line":81,"column":11},"end":{"line":81,"column":39}},{"start":{"line":81,"column":39},"end":{"line":81,"column":null}}]},"6":{"loc":{"start":{"line":102,"column":4},"end":{"line":102,"column":null}},"type":"if","locations":[{"start":{"line":102,"column":4},"end":{"line":102,"column":null}},{"start":{"line":102,"column":4},"end":{"line":102,"column":null}}]},"7":{"loc":{"start":{"line":115,"column":4},"end":{"line":115,"column":null}},"type":"if","locations":[{"start":{"line":115,"column":4},"end":{"line":115,"column":null}},{"start":{"line":115,"column":4},"end":{"line":115,"column":null}}]},"8":{"loc":{"start":{"line":128,"column":4},"end":{"line":128,"column":null}},"type":"if","locations":[{"start":{"line":128,"column":4},"end":{"line":128,"column":null}},{"start":{"line":128,"column":4},"end":{"line":128,"column":null}}]},"9":{"loc":{"start":{"line":141,"column":4},"end":{"line":141,"column":null}},"type":"if","locations":[{"start":{"line":141,"column":4},"end":{"line":141,"column":null}},{"start":{"line":141,"column":4},"end":{"line":141,"column":null}}]}},"s":{"0":0,"1":0,"2":0,"3":0,"4":0,"5":0,"6":0,"7":0,"8":0,"9":0,"10":0,"11":0,"12":0,"13":0,"14":0,"15":0,"16":0,"17":0,"18":0,"19":0,"20":0,"21":0,"22":0,"23":0,"24":0,"25":0,"26":0,"27":0,"28":0,"29":0,"30":0,"31":0,"32":0,"33":0},"f":{"0":0,"1":0,"2":0,"3":0,"4":0,"5":0,"6":0,"7":0,"8":0,"9":0,"10":0,"11":0,"12":0,"13":0,"14":0,"15":0},"b":{"0":[0,0],"1":[0,0],"2":[0,0],"3":[0,0],"4":[0,0],"5":[0,0],"6":[0,0],"7":[0,0],"8":[0,0],"9":[0,0]}}
}
